<?xml version="1.0" encoding="UTF-8"?>
<!-- Generated by org.testng.reporters.JUnitXMLReporter -->
<testsuite hostname="rhythm" name="Default test" tests="4" failures="0" timestamp="25 Sep 2015 22:40:04 GMT" time="0.073" errors="0">
  <testcase name="reverseStringEmptyStringTestCase1" time="0.033" classname="samplePackage.TestCasesPalindrome"/>
  <testcase name="reverseStringNullTestCase1" time="0.001" classname="samplePackage.TestCasesPalindrome"/>
  <testcase name="reverseStringPositiveTestCase1" time="0.001" classname="samplePackage.TestCasesPalindrome"/>
  <testcase name="reverseStringSpecialCharacterTestCase1" time="0.001" classname="samplePackage.TestCasesPalindrome"/>
</testsuite> <!-- Default test -->
